<?xml version="1.0" encoding="UTF-8"?>
<testsuite xmlns:xsi="http://www.w3.org/2001/XMLSchema-instance" xsi:noNamespaceSchemaLocation="https://maven.apache.org/surefire/maven-surefire-plugin/xsd/surefire-test-report.xsd" version="3.0.2" name="com.io.VectorHeapTest" time="0.046" tests="3" errors="0" skipped="0" failures="0">
  <properties>
[...]
</properties>
  <testcase name="testPeek" classname="com.io.VectorHeapTest" time="0.004"/>
  <testcase name="testEmptyHeap" classname="com.io.VectorHeapTest" time="0.0"/>
  <testcase name="testAddAndRemove" classname="com.io.VectorHeapTest" time="0.0"/>
</testsuite>